<?xml version="1.0" encoding="UTF-8" ?>
<testsuite tests="6" failures="0" name="ru.servers.gameServer.math.algebra.vectors.VectorsTest" time="0" errors="0" skipped="0">
  <properties>
[...]
</properties>
  <testcase classname="ru.servers.gameServer.math.algebra.vectors.VectorsTest" name="scalarMultiplicationOfVectors2d" time="0"/>
  <testcase classname="ru.servers.gameServer.math.algebra.vectors.VectorsTest" name="scalarMultiplicationOfVectors3d" time="0"/>
  <testcase classname="ru.servers.gameServer.math.algebra.vectors.VectorsTest" name="equalityOfVectors2d" time="0"/>
  <testcase classname="ru.servers.gameServer.math.algebra.vectors.VectorsTest" name="equalityOfVectors3d" time="0"/>
  <testcase classname="ru.servers.gameServer.math.algebra.vectors.VectorsTest" name="gettingAngleBetweenVectors2d" time="0"/>
  <testcase classname="ru.servers.gameServer.math.algebra.vectors.VectorsTest" name="gettingAngleBetweenVectors3d" time="0"/>
</testsuite>